<?xml version="1.0" encoding="UTF-8"?>
<!-- Generated by org.testng.reporters.JUnitReportReporter -->
<testsuite hostname="MacBook-Pro-katpc.local" failures="0" tests="1" name="com.w2a.testcases.LoginTest" time="3.327" errors="0" timestamp="2018-10-14T01:47:40 MSK" skipped="0">
  <testcase classname="com.w2a.testcases.LoginTest" name="loginAsBankManager" time="3.327"/>
</testsuite> <!-- com.w2a.testcases.LoginTest -->
