<?xml version="1.0" encoding="UTF-8"?>
<!-- Generated by org.testng.reporters.JUnitReportReporter -->
<testsuite hostname="MacBook-Pro-katpc.local" failures="0" tests="1" name="com.w2a.testcases.AddCustomerTest" time="0.630" errors="0" timestamp="21 апр. 2019 22:31:33 GMT" skipped="0">
  <testcase classname="com.w2a.testcases.AddCustomerTest" name="AddCustomer" time="0.630"/>
</testsuite> <!-- com.w2a.testcases.AddCustomerTest -->
