<?xml version="1.0" encoding="UTF-8"?>
<!-- Generated by org.testng.reporters.JUnitReportReporter -->
<testsuite hostname="MacBook-Pro-katpc.local" failures="0" tests="1" name="com.w2a.testcases.BankManagerLoginTest" time="1.053" errors="0" timestamp="29 июл. 2019 21:10:40 GMT" skipped="0">
  <testcase classname="com.w2a.testcases.BankManagerLoginTest" name="loginAsBankManager" time="1.053"/>
</testsuite> <!-- com.w2a.testcases.BankManagerLoginTest -->
