<?xml version="1.0" encoding="UTF-8"?>
<!-- Generated by org.testng.reporters.JUnitReportReporter -->
<testsuite hostname="MacBook-Pro-katpc.local" failures="0" tests="1" name="com.w2a.testcases.AddCustomerTest" time="0.000" errors="0" timestamp="02 мая 2019 21:16:28 GMT" skipped="1">
  <testcase classname="com.w2a.testcases.AddCustomerTest" name="AddCustomer" time="0.000">
    <skipped/>
  </testcase> <!-- AddCustomer -->
</testsuite> <!-- com.w2a.testcases.AddCustomerTest -->
